# JRE version: OpenJDK Runtime Environment (11.0.12+7) (build 11.0.12+7-b1504.28-7817840)
# Java VM: OpenJDK 64-Bit Server VM (11.0.12+7-b1504.28-7817840, mixed mode, tiered, compressed oops, g1 gc, windows-amd64)
Heap:
 garbage-first heap   total 1086464K, used 232448K [0x0000000080000000, 0x0000000100000000)
  region size 1024K, 13 young (13312K), 13 survivors (13312K)
 Metaspace       used 128386K, capacity 131961K, committed 132268K, reserved 1163264K
  class space    used 16122K, capacity 17550K, committed 17664K, reserved 1048576K
GC Heap History (20 events):
Event: 25.953 GC heap before
{Heap before GC invocations=56 (full 0):
 garbage-first heap   total 210944K, used 174296K [0x0000000080000000, 0x0000000100000000)
  region size 1024K, 25 young (25600K), 2 survivors (2048K)
 Metaspace       used 121764K, capacity 124826K, committed 125100K, reserved 1159168K
  class space    used 14884K, capacity 16029K, committed 16128K, reserved 1048576K
}
Event: 25.955 GC heap after
{Heap after GC invocations=57 (full 0):
 garbage-first heap   total 210944K, used 157689K [0x0000000080000000, 0x0000000100000000)
  region size 1024K, 4 young (4096K), 4 survivors (4096K)
 Metaspace       used 121764K, capacity 124826K, committed 125100K, reserved 1159168K
  class space    used 14884K, capacity 16029K, committed 16128K, reserved 1048576K
}
Event: 25.978 GC heap before
{Heap before GC invocations=57 (full 0):
 garbage-first heap   total 210944K, used 176121K [0x0000000080000000, 0x0000000100000000)
  region size 1024K, 23 young (23552K), 4 survivors (4096K)
 Metaspace       used 122049K, capacity 125146K, committed 125356K, reserved 1159168K
  class space    used 14903K, capacity 16029K, committed 16128K, reserved 1048576K
}
Event: 25.980 GC heap after
{Heap after GC invocations=58 (full 0):
 garbage-first heap   total 210944K, used 162210K [0x0000000080000000, 0x0000000100000000)
  region size 1024K, 3 young (3072K), 3 survivors (3072K)
 Metaspace       used 122049K, capacity 125146K, committed 125356K, reserved 1159168K
  class space    used 14903K, capacity 16029K, committed 16128K, reserved 1048576K
}
Event: 25.998 GC heap before
{Heap before GC invocations=58 (full 0):
 garbage-first heap   total 210944K, used 177570K [0x0000000080000000, 0x0000000100000000)
  region size 1024K, 19 young (19456K), 3 survivors (3072K)
 Metaspace       used 122197K, capacity 125306K, committed 125612K, reserved 1159168K
  class space    used 14930K, capacity 16061K, committed 16128K, reserved 1048576K
}
Event: 26.000 GC heap after
{Heap after GC invocations=59 (full 0):
 garbage-first heap   total 210944K, used 166218K [0x0000000080000000, 0x0000000100000000)
  region size 1024K, 3 young (3072K), 3 survivors (3072K)
 Metaspace       used 122197K, capacity 125306K, committed 125612K, reserved 1159168K
  class space    used 14930K, capacity 16061K, committed 16128K, reserved 1048576K
}
Event: 26.123 GC heap before
{Heap before GC invocations=60 (full 0):
 garbage-first heap   total 210944K, used 176458K [0x0000000080000000, 0x0000000100000000)
  region size 1024K, 16 young (16384K), 3 survivors (3072K)
 Metaspace       used 121661K, capacity 124875K, committed 125868K, reserved 1159168K
  class space    used 15094K, capacity 16288K, committed 16384K, reserved 1048576K
}
Event: 26.126 GC heap after
{Heap after GC invocations=61 (full 0):
 garbage-first heap   total 210944K, used 164827K [0x0000000080000000, 0x0000000100000000)
  region size 1024K, 2 young (2048K), 2 survivors (2048K)
 Metaspace       used 121661K, capacity 124875K, committed 125868K, reserved 1159168K
  class space    used 15094K, capacity 16288K, committed 16384K, reserved 1048576K
}
Event: 26.168 GC heap before
{Heap before GC invocations=61 (full 0):
 garbage-first heap   total 210944K, used 173019K [0x0000000080000000, 0x0000000100000000)
  region size 1024K, 10 young (10240K), 2 survivors (2048K)
 Metaspace       used 122647K, capacity 125797K, committed 125996K, reserved 1159168K
  class space    used 15220K, capacity 16403K, committed 16512K, reserved 1048576K
}
Event: 26.173 GC heap after
{Heap after GC invocations=62 (full 0):
 garbage-first heap   total 210944K, used 147474K [0x0000000080000000, 0x0000000100000000)
  region size 1024K, 2 young (2048K), 2 survivors (2048K)
 Metaspace       used 122647K, capacity 125797K, committed 125996K, reserved 1159168K
  class space    used 15220K, capacity 16403K, committed 16512K, reserved 1048576K
}
Event: 26.190 GC heap before
{Heap before GC invocations=62 (full 0):
 garbage-first heap   total 210944K, used 155666K [0x0000000080000000, 0x0000000100000000)
  region size 1024K, 10 young (10240K), 2 survivors (2048K)
 Metaspace       used 122948K, capacity 126109K, committed 126252K, reserved 1159168K
  class space    used 15251K, capacity 16443K, committed 16512K, reserved 1048576K
}
Event: 26.196 GC heap after
{Heap after GC invocations=63 (full 0):
 garbage-first heap   total 210944K, used 145005K [0x0000000080000000, 0x0000000100000000)
  region size 1024K, 2 young (2048K), 2 survivors (2048K)
 Metaspace       used 122948K, capacity 126109K, committed 126252K, reserved 1159168K
  class space    used 15251K, capacity 16443K, committed 16512K, reserved 1048576K
}
Event: 26.236 GC heap before
{Heap before GC invocations=63 (full 0):
 garbage-first heap   total 210944K, used 171629K [0x0000000080000000, 0x0000000100000000)
  region size 1024K, 29 young (29696K), 2 survivors (2048K)
 Metaspace       used 123329K, capacity 126597K, committed 126892K, reserved 1159168K
  class space    used 15320K, capacity 16543K, committed 16640K, reserved 1048576K
}
Event: 26.248 GC heap after
{Heap after GC invocations=64 (full 0):
 garbage-first heap   total 411648K, used 153249K [0x0000000080000000, 0x0000000100000000)
  region size 1024K, 4 young (4096K), 4 survivors (4096K)
 Metaspace       used 123329K, capacity 126597K, committed 126892K, reserved 1159168K
  class space    used 15320K, capacity 16543K, committed 16640K, reserved 1048576K
}
Event: 26.406 GC heap before
{Heap before GC invocations=65 (full 0):
 garbage-first heap   total 411648K, used 257697K [0x0000000080000000, 0x0000000100000000)
  region size 1024K, 107 young (109568K), 4 survivors (4096K)
 Metaspace       used 123897K, capacity 127007K, committed 127788K, reserved 1161216K
  class space    used 15312K, capacity 16454K, committed 16768K, reserved 1048576K
}
Event: 26.426 GC heap after
{Heap after GC invocations=66 (full 0):
 garbage-first heap   total 411648K, used 181022K [0x0000000080000000, 0x0000000100000000)
  region size 1024K, 14 young (14336K), 14 survivors (14336K)
 Metaspace       used 123897K, capacity 127007K, committed 127788K, reserved 1161216K
  class space    used 15312K, capacity 16454K, committed 16768K, reserved 1048576K
}
Event: 26.523 GC heap before
{Heap before GC invocations=66 (full 0):
 garbage-first heap   total 411648K, used 275230K [0x0000000080000000, 0x0000000100000000)
  region size 1024K, 107 young (109568K), 14 survivors (14336K)
 Metaspace       used 125730K, capacity 129014K, committed 129324K, reserved 1161216K
  class space    used 15627K, capacity 16897K, committed 17024K, reserved 1048576K
}
Event: 26.545 GC heap after
{Heap after GC invocations=67 (full 0):
 garbage-first heap   total 411648K, used 200458K [0x0000000080000000, 0x0000000100000000)
  region size 1024K, 14 young (14336K), 14 survivors (14336K)
 Metaspace       used 125730K, capacity 129014K, committed 129324K, reserved 1161216K
  class space    used 15627K, capacity 16897K, committed 17024K, reserved 1048576K
}
Event: 26.626 GC heap before
{Heap before GC invocations=67 (full 0):
 garbage-first heap   total 411648K, used 292618K [0x0000000080000000, 0x0000000100000000)
  region size 1024K, 104 young (106496K), 14 survivors (14336K)
 Metaspace       used 126895K, capacity 130320K, committed 130604K, reserved 1163264K
  class space    used 15845K, capacity 17203K, committed 17280K, reserved 1048576K
}
Event: 26.649 GC heap after
{Heap after GC invocations=68 (full 0):
 garbage-first heap   total 411648K, used 217426K [0x0000000080000000, 0x0000000100000000)
  region size 1024K, 13 young (13312K), 13 survivors (13312K)
 Metaspace       used 126895K, capacity 130320K, committed 130604K, reserved 1163264K
  class space    used 15845K, capacity 17203K, committed 17280K, reserved 1048576K
}

